<?xml version="1.0" encoding="UTF-8"?>
<testsuite name="BlockchainTest" tests="1" skipped="0" failures="0" errors="0" timestamp="2021-09-27T11:23:08" hostname="DESKTOP-33AIMNS" time="10.755">
  <properties/>
  <testcase name="start" classname="BlockchainTest" time="10.755"/>
  <system-out><![CDATA[?[1;31m
Start test 1?[0m
Block:
Created by miner # 8
Id: 1
Timestamp: 1632741788630
Magic number: 0
Hash of the previous block:
0
Hash of the block:
ccacead9364a0cf4eff2c88b73000c10d3f60e48a933a4865ff01c43fba2a291
Block data: no messages
Block was generating for 0 seconds
N was increased to 1

Block:
Created by miner # 9
Id: 2
Timestamp: 1632741788661
Magic number: 1975873660209445282
Hash of the previous block:
ccacead9364a0cf4eff2c88b73000c10d3f60e48a933a4865ff01c43fba2a291
Hash of the block:
0b160d9a76019fd1c9d5153694f0d51fb7769487b8ae6b16692e91cea7217e08
Block data: 1 2 
Block was generating for 0 seconds
N was increased to 2

Block:
Created by miner # 2
Id: 3
Timestamp: 1632741788677
Magic number: 5597229921628667709
Hash of the previous block:
0b160d9a76019fd1c9d5153694f0d51fb7769487b8ae6b16692e91cea7217e08
Hash of the block:
0013320f105b530ac8de633762ad00c3c138e6a90ca23426781d2325c14240ec
Block data: 32 
Block was generating for 0 seconds
N was increased to 3

Block:
Created by miner # 8
Id: 4
Timestamp: 1632741788755
Magic number: -2234310060927894452
Hash of the previous block:
0013320f105b530ac8de633762ad00c3c138e6a90ca23426781d2325c14240ec
Hash of the block:
000d076b9b5d20c199cae3edbe919c440c8e34d2e92da07fa3f1ad30fc6b2fe4
Block data: 19884 19885 
Block was generating for 0 seconds
N was increased to 4

Block:
Created by miner # 3
Id: 5
Timestamp: 1632741788802
Magic number: -4334840299750441454
Hash of the previous block:
000d076b9b5d20c199cae3edbe919c440c8e34d2e92da07fa3f1ad30fc6b2fe4
Hash of the block:
0000405ded47fc25e951918c640d2e6dca6bac4b281b97aa80adc002b98ccdf7
Block data: 56792 
Block was generating for 0 seconds
N was increased to 5


?[1;31m
Start test 2?[0m
Block:
Created by miner # 2
Id: 1
Timestamp: 1632741793610
Magic number: 0
Hash of the previous block:
0
Hash of the block:
1bd80ae39d2c9ab1ac6d7e5517d5ae111b86706aa7adb6eb14afe355c434d01b
Block data: no messages
Block was generating for 0 seconds
N was increased to 1

Block:
Created by miner # 7
Id: 2
Timestamp: 1632741793626
Magic number: -7335080079213716616
Hash of the previous block:
1bd80ae39d2c9ab1ac6d7e5517d5ae111b86706aa7adb6eb14afe355c434d01b
Hash of the block:
085ffa6d46574b92c92534b01de26bdf804058a0eadf7b44b6e062c06ba4e360
Block data: 16 17 18 
Block was generating for 0 seconds
N was increased to 2

Block:
Created by miner # 7
Id: 3
Timestamp: 1632741793626
Magic number: -1531552493319882822
Hash of the previous block:
085ffa6d46574b92c92534b01de26bdf804058a0eadf7b44b6e062c06ba4e360
Hash of the block:
0024bb9502f72ae137c1fdb8702b28500e9b7656c1c0c13d9b65a1bc38703ab8
Block data: 170 171 172 
Block was generating for 0 seconds
N was increased to 3

Block:
Created by miner # 7
Id: 4
Timestamp: 1632741793626
Magic number: -4373930829941918599
Hash of the previous block:
0024bb9502f72ae137c1fdb8702b28500e9b7656c1c0c13d9b65a1bc38703ab8
Hash of the block:
000b03e02bc6c7346316c7a4df407603055b955fd637e09d958d2b7581d27f7c
Block data: 2959 
Block was generating for 0 seconds
N was increased to 4

Block:
Created by miner # 7
Id: 5
Timestamp: 1632741793626
Magic number: 6912805397821538287
Hash of the previous block:
000b03e02bc6c7346316c7a4df407603055b955fd637e09d958d2b7581d27f7c
Hash of the block:
0000f67ced64d6259df8a465e92e1acaf2247145c37ec911d84c3ddec8a6f5b6
Block data: 103035 
Block was generating for 0 seconds
N was increased to 5


]]></system-out>
  <system-err><![CDATA[]]></system-err>
</testsuite>
